<?xml version="1.0" encoding="UTF-8" ?>
<testsuite errors="1" failures="0" hostname="MSI" name="End_assignment.Binary_searchTest.test()" skipped="0" tests="1" time="0.0" timestamp="2018-04-06T14:30:09">
  <properties>
[...]
</properties>
  <error message="End_assignment.Binary_searchTest.test()" type="java.lang.ClassNotFoundException">java.lang.ClassNotFoundException: End_assignment.Binary_searchTest.test()
	at java.net.URLClassLoader.findClass(Unknown Source)
	at java.lang.ClassLoader.loadClass(Unknown Source)
	at sun.misc.Launcher$AppClassLoader.loadClass(Unknown Source)
	at java.lang.ClassLoader.loadClass(Unknown Source)
	at java.lang.Class.forName0(Native Method)
	at java.lang.Class.forName(Unknown Source)
</error>
  <system-out><![CDATA[]]></system-out>
  <system-err><![CDATA[]]></system-err>
</testsuite>
