<?xml version="1.0" encoding="UTF-8" ?>
<testsuite errors="0" failures="0" hostname="net040.jeroenjonkman.net" name="End_assignment.SmartBubbleSortTest" skipped="0" tests="2" time="0.354" timestamp="2018-04-06T21:15:06">
  <properties>
[...]
</properties>
  <testcase classname="End_assignment.SmartBubbleSortTest" name="last" time="0.029" />
  <testcase classname="End_assignment.SmartBubbleSortTest" name="test" time="0.269" />
  <system-out><![CDATA[]]></system-out>
  <system-err><![CDATA[]]></system-err>
</testsuite>
