<?xml version="1.0" encoding="UTF-8" ?>
<testsuite errors="0" failures="0" hostname="Veldin-Laptop" name="End_assignment.DoublyLinkedListTest" skipped="0" tests="16" time="0.435" timestamp="2018-04-14T10:57:45">
  <properties>
[...]
</properties>
  <testcase classname="End_assignment.DoublyLinkedListTest" name="isNotEmptyTest" time="0.002" />
  <testcase classname="End_assignment.DoublyLinkedListTest" name="addingAllLegoObjects" time="0.115" />
  <testcase classname="End_assignment.DoublyLinkedListTest" name="addingStringsOnIndexCheckingSize" time="0.0" />
  <testcase classname="End_assignment.DoublyLinkedListTest" name="addingAllfromCsvUsingAddAll" time="0.099" />
  <testcase classname="End_assignment.DoublyLinkedListTest" name="addAll" time="0.001" />
  <testcase classname="End_assignment.DoublyLinkedListTest" name="addingAllfromCsvUsingLoop" time="0.053" />
  <testcase classname="End_assignment.DoublyLinkedListTest" name="addingIntsOnIndexCheckingSize" time="0.0" />
  <testcase classname="End_assignment.DoublyLinkedListTest" name="lastIndexOf" time="0.001" />
  <testcase classname="End_assignment.DoublyLinkedListTest" name="isEmptyTest" time="0.0" />
  <testcase classname="End_assignment.DoublyLinkedListTest" name="last" time="0.0" />
  <testcase classname="End_assignment.DoublyLinkedListTest" name="clear" time="0.0" />
  <testcase classname="End_assignment.DoublyLinkedListTest" name="checkSize" time="0.0" />
  <testcase classname="End_assignment.DoublyLinkedListTest" name="addingIntsCheckingSize" time="0.0" />
  <testcase classname="End_assignment.DoublyLinkedListTest" name="addingStringsCheckingSize" time="0.0" />
  <testcase classname="End_assignment.DoublyLinkedListTest" name="indexOf" time="0.0" />
  <testcase classname="End_assignment.DoublyLinkedListTest" name="removeThenCheckSize" time="0.001" />
  <system-out><![CDATA[]]></system-out>
  <system-err><![CDATA[]]></system-err>
</testsuite>
